Determining if the TEST exist failed with the following output:
Change Dir: /mnt/c/code/LFU_cache_project/build/CMakeFiles/CMakeTmp

Run Build Command(s):/usr/bin/make cmTC_8946a/fast && /usr/bin/make -f CMakeFiles/cmTC_8946a.dir/build.make CMakeFiles/cmTC_8946a.dir/build
make[1]: Entering directory '/mnt/c/code/LFU_cache_project/build/CMakeFiles/CMakeTmp'
Building C object CMakeFiles/cmTC_8946a.dir/CheckSymbolExists.c.o
/usr/bin/cc    -o CMakeFiles/cmTC_8946a.dir/CheckSymbolExists.c.o   -c /mnt/c/code/LFU_cache_project/build/CMakeFiles/CMakeTmp/CheckSymbolExists.c
/mnt/c/code/LFU_cache_project/build/CMakeFiles/CMakeTmp/CheckSymbolExists.c:2:10: fatal error: headers/lfu.h: No such file or directory
    2 | #include <headers/lfu.h>
      |          ^~~~~~~~~~~~~~~
compilation terminated.
make[1]: *** [CMakeFiles/cmTC_8946a.dir/build.make:66: CMakeFiles/cmTC_8946a.dir/CheckSymbolExists.c.o] Error 1
make[1]: Leaving directory '/mnt/c/code/LFU_cache_project/build/CMakeFiles/CMakeTmp'
make: *** [Makefile:121: cmTC_8946a/fast] Error 2


File /mnt/c/code/LFU_cache_project/build/CMakeFiles/CMakeTmp/CheckSymbolExists.c:
/* */
#include <headers/lfu.h>

int main(int argc, char** argv)
{
  (void)argv;
#ifndef TEST
  return ((int*)(&TEST))[argc];
#else
  (void)argc;
  return 0;
#endif
}
